[2019-07-22 20:54:37]; Текст: Call to undefined function app\core\test() | Файл: /var/www/simplemvc.ru/app/core/Router.php | Строка: 106 
=======================
[2019-07-22 20:54:37]; Текст: Use of undefined constant DEBUG - assumed 'DEBUG' (this will throw an Error in a future version of PHP) | Файл: /var/www/simplemvc.ru/app/core/ErrorHandler.php | Строка: 71 
=======================
[2019-07-22 20:55:20]; Текст: Call to undefined function app\core\test() | Файл: /var/www/simplemvc.ru/app/core/Router.php | Строка: 106 
=======================
[2019-07-22 20:55:37]; Текст: Undefined variable: test | Файл: /var/www/simplemvc.ru/app/core/Router.php | Строка: 106 
=======================
[2019-07-22 20:56:04]; Текст: asdfasdfasd | Файл: /var/www/simplemvc.ru/app/core/Router.php | Строка: 106 
=======================
[2019-07-22 20:57:24]; Текст: asdfasdfasd | Файл: /var/www/simplemvc.ru/app/core/Router.php | Строка: 106 
=======================
[2019-07-22 20:57:33]; Текст: asdfasdfasd | Файл: /var/www/simplemvc.ru/app/core/Router.php | Строка: 106 
=======================
[2019-07-22 20:57:36]; Текст: asdfasdfasd | Файл: /var/www/simplemvc.ru/app/core/Router.php | Строка: 106 
=======================
[2019-07-22 20:57:57]; Текст: asdfasdfasd | Файл: /var/www/simplemvc.ru/app/core/Router.php | Строка: 106 
=======================
[2019-07-22 20:58:19]; Текст: Undefined variable: test | Файл: /var/www/simplemvc.ru/app/core/Router.php | Строка: 105 
=======================
[2019-07-22 20:58:44]; Текст: Undefined variable: test | Файл: /var/www/simplemvc.ru/app/core/Router.php | Строка: 105 
=======================
[2019-07-22 21:05:01]; Текст: Контроллер app\controllers\AsdfController не найден | Файл: /var/www/simplemvc.ru/app/core/Router.php | Строка: 79 
=======================
[2019-07-22 21:05:01]; Текст: require(/var/www/simplemvc.ru/appviews/errors/404.html): failed to open stream: No such file or directory | Файл: /var/www/simplemvc.ru/app/core/ErrorHandler.php | Строка: 67 
=======================
[2019-07-22 21:05:21]; Текст: Контроллер app\controllers\AsdfController не найден | Файл: /var/www/simplemvc.ru/app/core/Router.php | Строка: 81 
=======================
[2019-07-22 21:05:21]; Текст: require(/var/www/simplemvc.ru/appviews/errors/404.html): failed to open stream: No such file or directory | Файл: /var/www/simplemvc.ru/app/core/ErrorHandler.php | Строка: 67 
=======================
[2019-07-22 21:05:57]; Текст: Контроллер app\controllers\AsdfController не найден | Файл: /var/www/simplemvc.ru/app/core/Router.php | Строка: 81 
=======================
[2019-07-22 21:05:57]; Текст: require(/var/www/simplemvc.ru/appviews/errors/404.html): failed to open stream: No such file or directory | Файл: /var/www/simplemvc.ru/app/core/ErrorHandler.php | Строка: 67 
=======================
[2019-07-22 21:10:20]; Текст: Контроллер app\controllers\AsdfController не найден | Файл: /var/www/simplemvc.ru/app/core/Router.php | Строка: 82 
=======================
[2019-07-22 21:11:03]; Текст: Контроллер app\controllers\SdfController не найден | Файл: /var/www/simplemvc.ru/app/core/Router.php | Строка: 82 
=======================
[2019-07-22 21:12:37]; Текст: Контроллер app\controllers\SdfController не найден | Файл: /var/www/simplemvc.ru/app/core/Router.php | Строка: 82 
=======================
[2019-07-22 21:13:10]; Текст: Контроллер app\controllers\SdfController не найден | Файл: /var/www/simplemvc.ru/app/core/Router.php | Строка: 82 
=======================
[2019-07-22 21:13:38]; Текст: Контроллер app\controllers\SdfController не найден | Файл: /var/www/simplemvc.ru/app/core/Router.php | Строка: 82 
=======================
[2019-07-22 21:24:43]; Текст: Undefined variable: df | Файл: /var/www/simplemvc.ru/app/core/Router.php | Строка: 107 
=======================
[2019-07-22 21:25:06]; Текст: Uncaught TypeError: Argument 1 passed to app\core\ErrorHandler::exceptionHandler() must be an instance of Exception, instance of ParseError given in /var/www/simplemvc.ru/app/core/ErrorHandler.php:54
Stack trace:
#0 [internal function]: app\core\ErrorHandler->exceptionHandler(Object(ParseError))
#1 {main}
  thrown | Файл: /var/www/simplemvc.ru/app/core/ErrorHandler.php | Строка: 54 
=======================
[2019-07-22 21:25:55]; Текст: Undefined variable: df | Файл: /var/www/simplemvc.ru/app/core/Router.php | Строка: 107 
=======================
[2019-07-22 21:28:31]; Текст: Контроллер app\controllers\SdfController не найден | Файл: /var/www/simplemvc.ru/app/core/Router.php | Строка: 82 
=======================
[2019-07-22 21:28:40]; Текст: Контроллер app\controllers\SdfController не найден | Файл: /var/www/simplemvc.ru/app/core/Router.php | Строка: 82 
=======================
[2019-07-22 21:28:58]; Текст: Контроллер app\controllers\SdfController не найден | Файл: /var/www/simplemvc.ru/app/core/Router.php | Строка: 82 
=======================
[2019-07-22 21:29:35]; Текст: Контроллер app\controllers\SdfController не найден | Файл: /var/www/simplemvc.ru/app/core/Router.php | Строка: 82 
=======================
[2019-07-22 21:31:37]; Текст: Undefined variable: test | Файл: /var/www/simplemvc.ru/app/controllers/MainController.php | Строка: 27 
=======================
[2019-07-22 21:31:51]; Текст: syntax error, unexpected '$posts' (T_VARIABLE) | Файл: /var/www/simplemvc.ru/app/controllers/MainController.php | Строка: 28 
=======================
[2019-07-22 21:32:43]; Текст: Undefined variable: test | Файл: /var/www/simplemvc.ru/app/controllers/MainController.php | Строка: 27 
=======================
[2019-07-22 21:36:04]; Текст: Undefined variable: test | Файл: /var/www/simplemvc.ru/app/controllers/MainController.php | Строка: 27 
=======================
[2019-07-22 21:36:43]; Текст: syntax error, unexpected '$posts' (T_VARIABLE), expecting ',' or ';' | Файл: /var/www/simplemvc.ru/app/controllers/MainController.php | Строка: 29 
=======================
[2019-07-22 21:36:53]; Текст: syntax error, unexpected '$posts' (T_VARIABLE) | Файл: /var/www/simplemvc.ru/app/controllers/MainController.php | Строка: 29 
=======================
[2019-07-22 23:18:48]; Текст: Undefined variable: test | Файл: /var/www/simplemvc.ru/app/controllers/MainController.php | Строка: 27 
=======================
[2019-07-22 23:18:49]; Текст: Страница не найдена | Файл: /var/www/simplemvc.ru/app/core/Router.php | Строка: 86 
=======================
[2019-07-22 23:19:01]; Текст: Undefined variable: test | Файл: /var/www/simplemvc.ru/app/controllers/MainController.php | Строка: 27 
=======================
[2019-07-22 23:19:17]; Текст: Call to undefined function app\controllers\test() | Файл: /var/www/simplemvc.ru/app/controllers/MainController.php | Строка: 28 
=======================
[2019-07-22 23:19:28]; Текст: Call to undefined function app\controllers\test() | Файл: /var/www/simplemvc.ru/app/controllers/MainController.php | Строка: 28 
=======================
[2019-07-22 23:19:54]; Текст: Call to undefined function app\controllers\test() | Файл: /var/www/simplemvc.ru/app/controllers/MainController.php | Строка: 28 
=======================
[2019-07-22 23:22:57]; Текст: Call to undefined function app\controllers\test() | Файл: /var/www/simplemvc.ru/app/controllers/MainController.php | Строка: 28 
=======================
[2019-07-22 23:23:30]; Текст: Undefined variable: test | Файл: /var/www/simplemvc.ru/app/controllers/MainController.php | Строка: 27 
=======================
[2019-07-23 00:13:05]; Текст: Class 'R' not found | Файл: /var/www/simplemvc.ru/app/core/widgets/menu/Menu.php | Строка: 24 
=======================
[2019-07-26 11:48:39]; Текст: Страница не найдена | Файл: /var/www/simplemvc.ru/app/core/Router.php | Строка: 86 
=======================
[2019-07-26 12:44:27]; Текст: Attempt to assign property 'tpl' of non-object | Файл: /var/www/simplemvc.ru/app/core/widgets/menu/Menu.php | Строка: 21 
=======================
[2019-07-26 12:44:28]; Текст: Страница не найдена | Файл: /var/www/simplemvc.ru/app/core/Router.php | Строка: 86 
=======================
[2019-07-26 12:52:28]; Текст: syntax error, unexpected ')' | Файл: /var/www/simplemvc.ru/app/core/widgets/menu/Menu.php | Строка: 53 
=======================
[2019-07-26 14:19:48]; Текст: Страница не найдена | Файл: /var/www/simplemvc.ru/app/core/Router.php | Строка: 86 
=======================
[2019-07-26 14:20:57]; Текст: Страница не найдена | Файл: /var/www/simplemvc.ru/app/core/Router.php | Строка: 86 
=======================
[2019-07-26 14:21:34]; Текст: Страница не найдена | Файл: /var/www/simplemvc.ru/app/core/Router.php | Строка: 86 
=======================
[2019-07-26 14:21:43]; Текст: Страница не найдена | Файл: /var/www/simplemvc.ru/app/core/Router.php | Строка: 86 
=======================
[2019-07-26 16:47:31]; Текст: Страница не найдена | Файл: /var/www/simplemvc.ru/app/core/Router.php | Строка: 86 
=======================
[2019-07-26 16:47:58]; Текст: Страница не найдена | Файл: /var/www/simplemvc.ru/app/core/Router.php | Строка: 86 
=======================
[2019-07-26 16:48:00]; Текст: Страница не найдена | Файл: /var/www/simplemvc.ru/app/core/Router.php | Строка: 86 
=======================
[2019-07-26 16:49:52]; Текст: Страница не найдена | Файл: /var/www/simplemvc.ru/app/core/Router.php | Строка: 86 
=======================
[2019-07-26 17:05:03]; Текст: Метод indexAction у контроллера app\controllers\AdminController - не найден | Файл: /var/www/simplemvc.ru/app/core/Router.php | Строка: 78 
=======================
[2019-07-26 17:05:32]; Текст: Метод indexAction у контроллера app\controllers\AdminController - не найден | Файл: /var/www/simplemvc.ru/app/core/Router.php | Строка: 78 
=======================
[2019-07-26 17:05:41]; Текст: Контроллер app\controllers\TestController не найден | Файл: /var/www/simplemvc.ru/app/core/Router.php | Строка: 82 
=======================
[2019-07-26 17:06:04]; Текст: Контроллер app\controllers\TestController не найден | Файл: /var/www/simplemvc.ru/app/core/Router.php | Строка: 82 
=======================
[2019-07-26 17:06:10]; Текст: Контроллер app\controllers\TestController не найден | Файл: /var/www/simplemvc.ru/app/core/Router.php | Строка: 82 
=======================
[2019-07-26 17:06:30]; Текст: Контроллер app\controllers\UserController не найден | Файл: /var/www/simplemvc.ru/app/core/Router.php | Строка: 82 
=======================
[2019-07-26 17:08:39]; Текст: Контроллер app\controllers\UserController не найден | Файл: /var/www/simplemvc.ru/app/core/Router.php | Строка: 83 
=======================
[2019-07-26 18:16:19]; Текст: Страница не найдена | Файл: /var/www/simplemvc.ru/app/core/Router.php | Строка: 86 
=======================
[2019-07-27 11:25:59]; Текст: Страница не найдена | Файл: /var/www/simplemvc.ru/app/core/Router.php | Строка: 86 
=======================
[2019-07-27 14:31:55]; Текст: Страница не найдена | Файл: /var/www/simplemvc.ru/app/core/Router.php | Строка: 86 
=======================
[2019-07-27 14:31:58]; Текст: Страница не найдена | Файл: /var/www/simplemvc.ru/app/core/Router.php | Строка: 86 
=======================
[2019-07-27 15:21:29]; Текст: Страница не найдена | Файл: /var/www/simplemvc.ru/app/core/Router.php | Строка: 87 
=======================
[2019-07-27 15:35:53]; Текст: Контроллер app\controllers\TestController не найден | Файл: /var/www/simplemvc.ru/app/core/Router.php | Строка: 87 
=======================
[2019-07-27 15:45:40]; Текст: Контроллер app\controllers\admin\TestController не найден | Файл: /var/www/simplemvc.ru/app/core/Router.php | Строка: 90 
=======================
[2019-07-27 15:46:02]; Текст: Контроллер app\controllers\admin\UserController не найден | Файл: /var/www/simplemvc.ru/app/core/Router.php | Строка: 90 
=======================
[2019-07-27 15:46:14]; Текст: Контроллер app\controllers\admin\TestController не найден | Файл: /var/www/simplemvc.ru/app/core/Router.php | Строка: 90 
=======================
[2019-07-27 15:46:25]; Текст: Контроллер app\controllers\TestController не найден | Файл: /var/www/simplemvc.ru/app/core/Router.php | Строка: 90 
=======================
[2019-07-27 16:10:43]; Текст: файл ВИДА <b>/var/www/simplemvc.ru/app/views/admin\User/admin/index.php</b> - not found  | Файл: /var/www/simplemvc.ru/app/core/base/View.php | Строка: 58 
=======================
[2019-07-27 16:11:42]; Текст: Контроллер app\controllers\admin\UserController не найден | Файл: /var/www/simplemvc.ru/app/core/Router.php | Строка: 88 
=======================
[2019-07-28 22:35:04]; Текст: Страница не найдена | Файл: /var/www/simplemvc.ru/app/core/Router.php | Строка: 92 
=======================
[2019-07-31 00:04:34]; Текст: Страница не найдена | Файл: /var/www/simplemvc.ru/app/core/Router.php | Строка: 92 
=======================
[2019-08-04 16:16:14]; Текст: Страница не найдена | Файл: /var/www/simplemvc.ru/app/core/Router.php | Строка: 92 
=======================
[2019-08-04 23:06:22]; Текст: Страница не найдена | Файл: /var/www/simplemvc.ru/app/core/Router.php | Строка: 92 
=======================
[2019-08-05 00:40:29]; Текст: Страница не найдена | Файл: /var/www/simplemvc.ru/app/core/Router.php | Строка: 92 
=======================
[2019-08-05 10:36:57]; Текст: Страница не найдена | Файл: /var/www/simplemvc.ru/app/core/Router.php | Строка: 92 
=======================
[2019-08-05 10:37:01]; Текст: Страница не найдена | Файл: /var/www/simplemvc.ru/app/core/Router.php | Строка: 92 
=======================
